<?xml version="1.0" encoding="UTF-8"?>
<!-- Generated by org.testng.reporters.JUnitXMLReporter -->
<testsuite hostname="Laptop30" ignored="0" name="ChromeTest" tests="8" failures="1" timestamp="26 Jan 2020 16:18:42 GMT" time="218.814" errors="0">
  <testcase name="@AfterMethod tearDown" time="0.372" classname="com.Appypie.Page.baseClass">
    <failure type="java.lang.NullPointerException">
      <![CDATA[java.lang.NullPointerException
at com.Appypie.Page.baseClass.tearDown(baseClass.java:71)
... Removed 28 stack frames]]>
    </failure>
  </testcase> <!-- @AfterMethod tearDown -->
  <testcase name="creatorbtntest" time="7.26" classname="com.Appypie.testCases.HomePageTestCases"/>
  <testcase name="signUpbtnTest" time="10.286" classname="com.Appypie.testCases.HomePageTestCases"/>
  <testcase name="logoClickTest" time="0.895" classname="com.Appypie.testCases.HomePageTestCases"/>
  <testcase name="changeLanguageTest" time="9.918" classname="com.Appypie.testCases.HomePageTestCases"/>
  <testcase name="languageIconTest" time="0.067" classname="com.Appypie.testCases.HomePageTestCases"/>
  <testcase name="checkLogoText" time="0.009" classname="com.Appypie.testCases.HomePageTestCases"/>
  <testcase name="appysearchtest" time="0.221" classname="com.Appypie.testCases.HomePageTestCases">
    <failure type="org.openqa.selenium.NoSuchElementException" message="Unable to locate element: //span[contains(text(),&amp;apos;Appy Store&amp;apos;)]
For documentation on this error, please visit: http://seleniumhq.org/exceptions/no_such_element.html
Build info: version: &amp;apos;3.141.5&amp;apos;, revision: &amp;apos;d54ebd709a&amp;apos;, time: &amp;apos;2018-11-06T11:42:16&amp;apos;
System info: host: &amp;apos;LAPTOP30&amp;apos;, ip: &amp;apos;192.168.215.2&amp;apos;, os.name: &amp;apos;Windows 8.1&amp;apos;, os.arch: &amp;apos;amd64&amp;apos;, os.version: &amp;apos;6.3&amp;apos;, java.version: &amp;apos;1.8.0_221&amp;apos;
Driver info: org.openqa.selenium.firefox.FirefoxDriver
Capabilities {acceptInsecureCerts: true, browserName: firefox, browserVersion: 72.0, javascriptEnabled: true, moz:accessibilityChecks: false, moz:buildID: 20200103162918, moz:geckodriverVersion: 0.24.0, moz:headless: false, moz:processID: 1780, moz:profile: C:\Users\Admin1\AppData\Loc..., moz:shutdownTimeout: 60000, moz:useNonSpecCompliantPointerOrigin: false, moz:webdriverClick: true, pageLoadStrategy: normal, platform: WINDOWS, platformName: WINDOWS, platformVersion: 6.3, rotatable: false, setWindowRect: true, strictFileInteractability: false, timeouts: {implicit: 0, pageLoad: 300000, script: 30000}, unhandledPromptBehavior: dismiss and notify}
Session ID: 95e4d52e-54da-45b4-b25f-eb22f638b17b
*** Element info: {Using=xpath, value=//span[contains(text(),&amp;apos;Appy Store&amp;apos;)]}">
      <![CDATA[org.openqa.selenium.NoSuchElementException: Unable to locate element: //span[contains(text(),'Appy Store')]
For documentation on this error, please visit: http://seleniumhq.org/exceptions/no_such_element.html
Build info: version: '3.141.5', revision: 'd54ebd709a', time: '2018-11-06T11:42:16'
System info: host: 'LAPTOP30', ip: '192.168.215.2', os.name: 'Windows 8.1', os.arch: 'amd64', os.version: '6.3', java.version: '1.8.0_221'
Driver info: org.openqa.selenium.firefox.FirefoxDriver
Capabilities {acceptInsecureCerts: true, browserName: firefox, browserVersion: 72.0, javascriptEnabled: true, moz:accessibilityChecks: false, moz:buildID: 20200103162918, moz:geckodriverVersion: 0.24.0, moz:headless: false, moz:processID: 1780, moz:profile: C:\Users\Admin1\AppData\Loc..., moz:shutdownTimeout: 60000, moz:useNonSpecCompliantPointerOrigin: false, moz:webdriverClick: true, pageLoadStrategy: normal, platform: WINDOWS, platformName: WINDOWS, platformVersion: 6.3, rotatable: false, setWindowRect: true, strictFileInteractability: false, timeouts: {implicit: 0, pageLoad: 300000, script: 30000}, unhandledPromptBehavior: dismiss and notify}
Session ID: 95e4d52e-54da-45b4-b25f-eb22f638b17b
*** Element info: {Using=xpath, value=//span[contains(text(),'Appy Store')]}
at org.openqa.selenium.remote.http.W3CHttpResponseCodec.createException(W3CHttpResponseCodec.java:187)
at org.openqa.selenium.remote.http.W3CHttpResponseCodec.decode(W3CHttpResponseCodec.java:122)
at org.openqa.selenium.remote.http.W3CHttpResponseCodec.decode(W3CHttpResponseCodec.java:49)
at org.openqa.selenium.remote.HttpCommandExecutor.execute(HttpCommandExecutor.java:158)
at org.openqa.selenium.remote.service.DriverCommandExecutor.execute(DriverCommandExecutor.java:83)
at org.openqa.selenium.remote.RemoteWebDriver.execute(RemoteWebDriver.java:552)
at org.openqa.selenium.remote.RemoteWebDriver.findElement(RemoteWebDriver.java:323)
at org.openqa.selenium.remote.RemoteWebDriver.findElementByXPath(RemoteWebDriver.java:428)
at org.openqa.selenium.By$ByXPath.findElement(By.java:353)
at org.openqa.selenium.remote.RemoteWebDriver.findElement(RemoteWebDriver.java:315)
at org.openqa.selenium.support.pagefactory.DefaultElementLocator.findElement(DefaultElementLocator.java:69)
at org.openqa.selenium.support.pagefactory.internal.LocatingElementHandler.invoke(LocatingElementHandler.java:38)
at com.sun.proxy.$Proxy11.click(Unknown Source)
at com.Appypie.Page.HomePage.navigateAppyStore(HomePage.java:158)
at com.Appypie.testCases.HomePageTestCases.appysearchtest(HomePageTestCases.java:63)
... Removed 29 stack frames]]>
    </failure>
  </testcase> <!-- appysearchtest -->
  <testcase name="loginTest" time="12.67" classname="com.Appypie.testCases.HomePageTestCases"/>
</testsuite> <!-- ChromeTest -->
