<?xml version="1.0" encoding="UTF-8"?>
<!-- Generated by org.testng.reporters.JUnitXMLReporter -->
<testsuite hostname="Laptop30" ignored="0" name="firefoxTest" tests="7" failures="1" timestamp="05 Oct 2019 07:22:06 GMT" time="8.995" errors="0">
  <testcase name="@AfterMethod tearDown" time="0.182" classname="com.Appypie.Page.baseClass">
    <failure type="java.lang.NullPointerException">
      <![CDATA[java.lang.NullPointerException
at com.Appypie.Page.baseClass.tearDown(baseClass.java:69)
... Removed 28 stack frames]]>
    </failure>
  </testcase> <!-- @AfterMethod tearDown -->
  <testcase name="@BeforeMethod launchBrowser" time="0.0" classname="com.Appypie.Page.baseClass">
    <skipped/>
  </testcase> <!-- @BeforeMethod launchBrowser -->
  <testcase name="@AfterMethod tearDown" time="0.0" classname="com.Appypie.Page.baseClass">
    <skipped/>
  </testcase> <!-- @AfterMethod tearDown -->
  <testcase name="@BeforeMethod launchBrowser" time="0.0" classname="com.Appypie.Page.baseClass">
    <skipped/>
  </testcase> <!-- @BeforeMethod launchBrowser -->
  <testcase name="@AfterMethod tearDown" time="0.0" classname="com.Appypie.Page.baseClass">
    <skipped/>
  </testcase> <!-- @AfterMethod tearDown -->
  <testcase name="@BeforeMethod launchBrowser" time="0.0" classname="com.Appypie.Page.baseClass">
    <skipped/>
  </testcase> <!-- @BeforeMethod launchBrowser -->
  <testcase name="@AfterMethod tearDown" time="0.0" classname="com.Appypie.Page.baseClass">
    <skipped/>
  </testcase> <!-- @AfterMethod tearDown -->
  <testcase name="@BeforeMethod launchBrowser" time="0.0" classname="com.Appypie.Page.baseClass">
    <skipped/>
  </testcase> <!-- @BeforeMethod launchBrowser -->
  <testcase name="@AfterMethod tearDown" time="0.0" classname="com.Appypie.Page.baseClass">
    <skipped/>
  </testcase> <!-- @AfterMethod tearDown -->
  <testcase name="@BeforeMethod launchBrowser" time="0.0" classname="com.Appypie.Page.baseClass">
    <skipped/>
  </testcase> <!-- @BeforeMethod launchBrowser -->
  <testcase name="@AfterMethod tearDown" time="0.0" classname="com.Appypie.Page.baseClass">
    <skipped/>
  </testcase> <!-- @AfterMethod tearDown -->
  <testcase name="@BeforeMethod launchBrowser" time="0.0" classname="com.Appypie.Page.baseClass">
    <skipped/>
  </testcase> <!-- @BeforeMethod launchBrowser -->
  <testcase name="@AfterMethod tearDown" time="0.0" classname="com.Appypie.Page.baseClass">
    <skipped/>
  </testcase> <!-- @AfterMethod tearDown -->
  <testcase name="changeLanguageTest" time="0.24" classname="com.Appypie.testCases.HomePageTestCases">
    <failure type="org.openqa.selenium.ElementNotInteractableException" message="Element &amp;lt;a href=&amp;quot;https://it.appypie.com&amp;quot;&amp;gt; could not be scrolled into view
Build info: version: &amp;apos;3.141.5&amp;apos;, revision: &amp;apos;d54ebd709a&amp;apos;, time: &amp;apos;2018-11-06T11:42:16&amp;apos;
System info: host: &amp;apos;LAPTOP30&amp;apos;, ip: &amp;apos;192.168.215.2&amp;apos;, os.name: &amp;apos;Windows 8.1&amp;apos;, os.arch: &amp;apos;amd64&amp;apos;, os.version: &amp;apos;6.3&amp;apos;, java.version: &amp;apos;1.8.0_221&amp;apos;
Driver info: org.openqa.selenium.firefox.FirefoxDriver
Capabilities {acceptInsecureCerts: true, browserName: firefox, browserVersion: 69.0.2, javascriptEnabled: true, moz:accessibilityChecks: false, moz:buildID: 20191001234643, moz:geckodriverVersion: 0.24.0, moz:headless: false, moz:processID: 14356, moz:profile: C:\Users\Admin1\AppData\Loc..., moz:shutdownTimeout: 60000, moz:useNonSpecCompliantPointerOrigin: false, moz:webdriverClick: true, pageLoadStrategy: normal, platform: WINDOWS, platformName: WINDOWS, platformVersion: 6.3, rotatable: false, setWindowRect: true, strictFileInteractability: false, timeouts: {implicit: 0, pageLoad: 300000, script: 30000}, unhandledPromptBehavior: dismiss and notify}
Session ID: db981c9d-a8bf-4cda-8a6b-7db9f1947186">
      <![CDATA[org.openqa.selenium.ElementNotInteractableException: Element <a href="https://it.appypie.com"> could not be scrolled into view
Build info: version: '3.141.5', revision: 'd54ebd709a', time: '2018-11-06T11:42:16'
System info: host: 'LAPTOP30', ip: '192.168.215.2', os.name: 'Windows 8.1', os.arch: 'amd64', os.version: '6.3', java.version: '1.8.0_221'
Driver info: org.openqa.selenium.firefox.FirefoxDriver
Capabilities {acceptInsecureCerts: true, browserName: firefox, browserVersion: 69.0.2, javascriptEnabled: true, moz:accessibilityChecks: false, moz:buildID: 20191001234643, moz:geckodriverVersion: 0.24.0, moz:headless: false, moz:processID: 14356, moz:profile: C:\Users\Admin1\AppData\Loc..., moz:shutdownTimeout: 60000, moz:useNonSpecCompliantPointerOrigin: false, moz:webdriverClick: true, pageLoadStrategy: normal, platform: WINDOWS, platformName: WINDOWS, platformVersion: 6.3, rotatable: false, setWindowRect: true, strictFileInteractability: false, timeouts: {implicit: 0, pageLoad: 300000, script: 30000}, unhandledPromptBehavior: dismiss and notify}
Session ID: db981c9d-a8bf-4cda-8a6b-7db9f1947186
at org.openqa.selenium.remote.http.W3CHttpResponseCodec.createException(W3CHttpResponseCodec.java:187)
at org.openqa.selenium.remote.http.W3CHttpResponseCodec.decode(W3CHttpResponseCodec.java:122)
at org.openqa.selenium.remote.http.W3CHttpResponseCodec.decode(W3CHttpResponseCodec.java:49)
at org.openqa.selenium.remote.HttpCommandExecutor.execute(HttpCommandExecutor.java:158)
at org.openqa.selenium.remote.service.DriverCommandExecutor.execute(DriverCommandExecutor.java:83)
at org.openqa.selenium.remote.RemoteWebDriver.execute(RemoteWebDriver.java:552)
at org.openqa.selenium.remote.RemoteWebElement.execute(RemoteWebElement.java:285)
at org.openqa.selenium.remote.RemoteWebElement.click(RemoteWebElement.java:84)
at org.openqa.selenium.support.pagefactory.internal.LocatingElementHandler.invoke(LocatingElementHandler.java:51)
at com.sun.proxy.$Proxy11.click(Unknown Source)
at com.Appypie.Page.HomePage.verifyLanguageOptions(HomePage.java:109)
at com.Appypie.testCases.HomePageTestCases.changeLanguageTest(HomePageTestCases.java:42)
... Removed 33 stack frames]]>
    </failure>
  </testcase> <!-- changeLanguageTest -->
  <testcase name="logoClickTest" time="0.0" classname="com.Appypie.testCases.HomePageTestCases">
    <skipped/>
  </testcase> <!-- logoClickTest -->
  <testcase name="signUpbtnTest" time="0.0" classname="com.Appypie.testCases.HomePageTestCases">
    <skipped/>
  </testcase> <!-- signUpbtnTest -->
  <testcase name="appysearchtest" time="0.0" classname="com.Appypie.testCases.HomePageTestCases">
    <skipped/>
  </testcase> <!-- appysearchtest -->
  <testcase name="languageIconTest" time="0.0" classname="com.Appypie.testCases.HomePageTestCases">
    <skipped/>
  </testcase> <!-- languageIconTest -->
  <testcase name="checkLogoText" time="0.0" classname="com.Appypie.testCases.HomePageTestCases">
    <skipped/>
  </testcase> <!-- checkLogoText -->
  <testcase name="loginTest" time="0.0" classname="com.Appypie.testCases.HomePageTestCases">
    <skipped/>
  </testcase> <!-- loginTest -->
</testsuite> <!-- firefoxTest -->
