<!DOCTYPE html PUBLIC "-//W3C//DTD XHTML 1.1//EN" "http://www.w3.org/TR/xhtml11/DTD/xhtml11.dtd">
<html xmlns="http://www.w3.org/1999/xhtml">
<head>
<meta http-equiv="content-type" content="text/html; charset=UTF-8"/>
<title>TestNG Report</title>
<style type="text/css">table {margin-bottom:10px;border-collapse:collapse;empty-cells:show}th,td {border:1px solid #009;padding:.25em .5em}th {vertical-align:bottom}td {vertical-align:top}table a {font-weight:bold}.stripe td {background-color: #E6EBF9}.num {text-align:right}.passedodd td {background-color: #3F3}.passedeven td {background-color: #0A0}.skippedodd td {background-color: #DDD}.skippedeven td {background-color: #CCC}.failedodd td,.attn {background-color: #F33}.failedeven td,.stripe .attn {background-color: #D00}.stacktrace {white-space:pre;font-family:monospace}.totop {font-size:85%;text-align:center;border-bottom:2px solid #000}.invisible {display:none}</style>
</head>
<body>
<table>
<tr><th>Test</th><th># Passed</th><th># Skipped</th><th># Failed</th><th>Time (ms)</th><th>Included Groups</th><th>Excluded Groups</th></tr>
<tr><th colspan="7">AppypieSuite</th></tr>
<tr><td><a href="#t0">ChromeTest</a></td><td class="num">7</td><td class="num">0</td><td class="num attn">1</td><td class="num">218,814</td><td></td><td></td></tr>
</table>
<table id='summary'><thead><tr><th>Class</th><th>Method</th><th>Start</th><th>Time (ms)</th></tr></thead><tbody><tr><th colspan="4">AppypieSuite</th></tr></tbody><tbody id="t0"><tr><th colspan="4">ChromeTest &#8212; failed (configuration methods)</th></tr><tr class="failedeven"><td rowspan="1">com.Appypie.testCases.HomePageTestCases</td><td><a href="#m0">tearDown</a></td><td rowspan="1">1580055481281</td><td rowspan="1">372</td></tr><tr><th colspan="4">ChromeTest &#8212; failed</th></tr><tr class="failedeven"><td rowspan="1">com.Appypie.testCases.HomePageTestCases</td><td><a href="#m1">appysearchtest</a></td><td rowspan="1">1580055481050</td><td rowspan="1">221</td></tr><tr><th colspan="4">ChromeTest &#8212; passed</th></tr><tr class="passedeven"><td rowspan="7">com.Appypie.testCases.HomePageTestCases</td><td><a href="#m2">changeLanguageTest</a></td><td rowspan="1">1580055402780</td><td rowspan="1">9918</td></tr><tr class="passedeven"><td><a href="#m3">checkLogoText</a></td><td rowspan="1">1580055458878</td><td rowspan="1">9</td></tr><tr class="passedeven"><td><a href="#m4">creatorbtntest</a></td><td rowspan="1">1580055317313</td><td rowspan="1">7260</td></tr><tr class="passedeven"><td><a href="#m5">languageIconTest</a></td><td rowspan="1">1580055435928</td><td rowspan="1">67</td></tr><tr class="passedeven"><td><a href="#m6">loginTest</a></td><td rowspan="1">1580055495207</td><td rowspan="1">12670</td></tr><tr class="passedeven"><td><a href="#m7">logoClickTest</a></td><td rowspan="1">1580055380231</td><td rowspan="1">895</td></tr><tr class="passedeven"><td><a href="#m8">signUpbtnTest</a></td><td rowspan="1">1580055346118</td><td rowspan="1">10286</td></tr></tbody>
</table>
<h2>ChromeTest</h2><h3 id="m0">com.Appypie.testCases.HomePageTestCases#tearDown</h3><table class="result"><tr class="param"><th>Parameter #1</th></tr><tr class="param stripe"><td>[TestResult name=appysearchtest status=FAILURE method=HomePageTestCases.appysearchtest()[pri:7, instance:com.Appypie.testCases.HomePageTestCases@7b49cea0] output={null}]</td></tr><tr><th>Exception</th></tr><tr><td><div class="stacktrace">java.lang.NullPointerException
	at com.Appypie.Page.baseClass.tearDown(baseClass.java:71)
... Removed 28 stack frames</div></td></tr></table><p class="totop"><a href="#summary">back to summary</a></p>
<h3 id="m1">com.Appypie.testCases.HomePageTestCases#appysearchtest</h3><table class="result"><tr><th>Exception</th></tr><tr><td><div class="stacktrace">org.openqa.selenium.NoSuchElementException: Unable to locate element: //span[contains(text(),&apos;Appy Store&apos;)]
For documentation on this error, please visit: http://seleniumhq.org/exceptions/no_such_element.html
Build info: version: &apos;3.141.5&apos;, revision: &apos;d54ebd709a&apos;, time: &apos;2018-11-06T11:42:16&apos;
System info: host: &apos;LAPTOP30&apos;, ip: &apos;192.168.215.2&apos;, os.name: &apos;Windows 8.1&apos;, os.arch: &apos;amd64&apos;, os.version: &apos;6.3&apos;, java.version: &apos;1.8.0_221&apos;
Driver info: org.openqa.selenium.firefox.FirefoxDriver
Capabilities {acceptInsecureCerts: true, browserName: firefox, browserVersion: 72.0, javascriptEnabled: true, moz:accessibilityChecks: false, moz:buildID: 20200103162918, moz:geckodriverVersion: 0.24.0, moz:headless: false, moz:processID: 1780, moz:profile: C:\Users\Admin1\AppData\Loc..., moz:shutdownTimeout: 60000, moz:useNonSpecCompliantPointerOrigin: false, moz:webdriverClick: true, pageLoadStrategy: normal, platform: WINDOWS, platformName: WINDOWS, platformVersion: 6.3, rotatable: false, setWindowRect: true, strictFileInteractability: false, timeouts: {implicit: 0, pageLoad: 300000, script: 30000}, unhandledPromptBehavior: dismiss and notify}
Session ID: 95e4d52e-54da-45b4-b25f-eb22f638b17b
*** Element info: {Using=xpath, value=//span[contains(text(),&apos;Appy Store&apos;)]}
	at org.openqa.selenium.remote.http.W3CHttpResponseCodec.createException(W3CHttpResponseCodec.java:187)
	at org.openqa.selenium.remote.http.W3CHttpResponseCodec.decode(W3CHttpResponseCodec.java:122)
	at org.openqa.selenium.remote.http.W3CHttpResponseCodec.decode(W3CHttpResponseCodec.java:49)
	at org.openqa.selenium.remote.HttpCommandExecutor.execute(HttpCommandExecutor.java:158)
	at org.openqa.selenium.remote.service.DriverCommandExecutor.execute(DriverCommandExecutor.java:83)
	at org.openqa.selenium.remote.RemoteWebDriver.execute(RemoteWebDriver.java:552)
	at org.openqa.selenium.remote.RemoteWebDriver.findElement(RemoteWebDriver.java:323)
	at org.openqa.selenium.remote.RemoteWebDriver.findElementByXPath(RemoteWebDriver.java:428)
	at org.openqa.selenium.By$ByXPath.findElement(By.java:353)
	at org.openqa.selenium.remote.RemoteWebDriver.findElement(RemoteWebDriver.java:315)
	at org.openqa.selenium.support.pagefactory.DefaultElementLocator.findElement(DefaultElementLocator.java:69)
	at org.openqa.selenium.support.pagefactory.internal.LocatingElementHandler.invoke(LocatingElementHandler.java:38)
	at com.sun.proxy.$Proxy11.click(Unknown Source)
	at com.Appypie.Page.HomePage.navigateAppyStore(HomePage.java:158)
	at com.Appypie.testCases.HomePageTestCases.appysearchtest(HomePageTestCases.java:63)
... Removed 29 stack frames</div></td></tr></table><p class="totop"><a href="#summary">back to summary</a></p>
<h3 id="m2">com.Appypie.testCases.HomePageTestCases#changeLanguageTest</h3><table class="result"><tr><th class="invisible"/></tr></table><p class="totop"><a href="#summary">back to summary</a></p>
<h3 id="m3">com.Appypie.testCases.HomePageTestCases#checkLogoText</h3><table class="result"><tr><th class="invisible"/></tr></table><p class="totop"><a href="#summary">back to summary</a></p>
<h3 id="m4">com.Appypie.testCases.HomePageTestCases#creatorbtntest</h3><table class="result"><tr><th class="invisible"/></tr></table><p class="totop"><a href="#summary">back to summary</a></p>
<h3 id="m5">com.Appypie.testCases.HomePageTestCases#languageIconTest</h3><table class="result"><tr><th class="invisible"/></tr></table><p class="totop"><a href="#summary">back to summary</a></p>
<h3 id="m6">com.Appypie.testCases.HomePageTestCases#loginTest</h3><table class="result"><tr><th class="invisible"/></tr></table><p class="totop"><a href="#summary">back to summary</a></p>
<h3 id="m7">com.Appypie.testCases.HomePageTestCases#logoClickTest</h3><table class="result"><tr><th class="invisible"/></tr></table><p class="totop"><a href="#summary">back to summary</a></p>
<h3 id="m8">com.Appypie.testCases.HomePageTestCases#signUpbtnTest</h3><table class="result"><tr><th class="invisible"/></tr></table><p class="totop"><a href="#summary">back to summary</a></p>
</body>
</html>
